This file contains any messages produced by compilers while
running configure, to aid debugging if configure makes a mistake.

It was created by RISC-V Proxy Kernel configure ?, which was
generated by GNU Autoconf 2.69.  Invocation command line was

  $ ../configure --prefix=/home/noureddine-as/PFE_2018/riscv/riscv64-unknown-elf --host=riscv64-unknown-elf -enable-logo

## --------- ##
## Platform. ##
## --------- ##

hostname = as
uname -m = x86_64
uname -r = 4.13.0-39-generic
uname -s = Linux
uname -v = #44~16.04.1-Ubuntu SMP Thu Apr 5 16:43:10 UTC 2018

/usr/bin/uname -p = unknown
/bin/uname -X     = unknown

/bin/arch              = unknown
/usr/bin/arch -k       = unknown
/usr/convex/getsysinfo = unknown
/usr/bin/hostinfo      = unknown
/bin/machine           = unknown
/usr/bin/oslevel       = unknown
/bin/universe          = unknown

PATH: /home/noureddine-as/bin
PATH: /home/noureddine-as/.local/bin
PATH: /usr/local/sbin
PATH: /usr/local/bin
PATH: /usr/sbin
PATH: /usr/bin
PATH: /sbin
PATH: /bin
PATH: /usr/games
PATH: /usr/local/games
PATH: /snap/bin
PATH: /home/noureddine-as/PFE_2018/riscv/bin


## ----------- ##
## Core tests. ##
## ----------- ##

configure:1971: checking build system type
configure:1985: result: x86_64-pc-linux-gnu
configure:2005: checking host system type
configure:2018: result: riscv64-unknown-elf
configure:2051: checking for riscv64-unknown-elf-gcc
configure:2067: found /home/noureddine-as/PFE_2018/riscv/bin/riscv64-unknown-elf-gcc
configure:2078: result: riscv64-unknown-elf-gcc
configure:2347: checking for C compiler version
configure:2356: riscv64-unknown-elf-gcc --version >&5
riscv64-unknown-elf-gcc (GCC) 7.2.0
Copyright (C) 2017 Free Software Foundation, Inc.
This is free software; see the source for copying conditions.  There is NO
warranty; not even for MERCHANTABILITY or FITNESS FOR A PARTICULAR PURPOSE.

configure:2367: $? = 0
configure:2356: riscv64-unknown-elf-gcc -v >&5
Using built-in specs.
COLLECT_GCC=riscv64-unknown-elf-gcc
COLLECT_LTO_WRAPPER=/home/noureddine-as/PFE_2018/riscv/libexec/gcc/riscv64-unknown-elf/7.2.0/lto-wrapper
Target: riscv64-unknown-elf
Configured with: /home/noureddine-as/PFE_2018/rocket-chip/riscv-tools/riscv-gnu-toolchain/build/../riscv-gcc/configure --target=riscv64-unknown-elf --prefix=/home/noureddine-as/PFE_2018/riscv --disable-shared --disable-threads --enable-languages=c,c++ --with-system-zlib --enable-tls --with-newlib --with-sysroot=/home/noureddine-as/PFE_2018/riscv/riscv64-unknown-elf --with-native-system-header-dir=/include --disable-libmudflap --disable-libssp --disable-libquadmath --disable-libgomp --disable-nls --src=../../riscv-gcc --enable-checking=yes --disable-multilib --with-abi=lp64d --with-arch=rv64imafdc 'CFLAGS_FOR_TARGET=-Os  -mcmodel=medlow'
Thread model: single
gcc version 7.2.0 (GCC) 
configure:2367: $? = 0
configure:2356: riscv64-unknown-elf-gcc -V >&5
riscv64-unknown-elf-gcc: error: unrecognized command line option '-V'
riscv64-unknown-elf-gcc: fatal error: no input files
compilation terminated.
configure:2367: $? = 1
configure:2356: riscv64-unknown-elf-gcc -qversion >&5
riscv64-unknown-elf-gcc: error: unrecognized command line option '-qversion'; did you mean '--version'?
riscv64-unknown-elf-gcc: fatal error: no input files
compilation terminated.
configure:2367: $? = 1
configure:2387: checking whether the C compiler works
configure:2409: riscv64-unknown-elf-gcc    conftest.c  >&5
configure:2413: $? = 0
configure:2461: result: yes
configure:2464: checking for C compiler default output file name
configure:2466: result: a.out
configure:2472: checking for suffix of executables
configure:2479: riscv64-unknown-elf-gcc -o conftest    conftest.c  >&5
configure:2483: $? = 0
configure:2505: result: 
configure:2527: checking whether we are cross compiling
configure:2535: riscv64-unknown-elf-gcc -o conftest    conftest.c  >&5
configure:2539: $? = 0
configure:2546: ./conftest
../configure: line 2548: ./conftest: cannot execute binary file: Exec format error
configure:2550: $? = 126
configure:2565: result: yes
configure:2570: checking for suffix of object files
configure:2592: riscv64-unknown-elf-gcc -c   conftest.c >&5
configure:2596: $? = 0
configure:2617: result: o
configure:2621: checking whether we are using the GNU C compiler
configure:2640: riscv64-unknown-elf-gcc -c   conftest.c >&5
configure:2640: $? = 0
configure:2649: result: yes
configure:2658: checking whether riscv64-unknown-elf-gcc accepts -g
configure:2678: riscv64-unknown-elf-gcc -c -g  conftest.c >&5
configure:2678: $? = 0
configure:2719: result: yes
configure:2736: checking for riscv64-unknown-elf-gcc option to accept ISO C89
configure:2799: riscv64-unknown-elf-gcc  -c -g -O2  conftest.c >&5
configure:2799: $? = 0
configure:2812: result: none needed
configure:2846: checking for riscv64-unknown-elf-g++
configure:2862: found /home/noureddine-as/PFE_2018/riscv/bin/riscv64-unknown-elf-g++
configure:2873: result: riscv64-unknown-elf-g++
configure:2944: checking for C++ compiler version
configure:2953: riscv64-unknown-elf-g++ --version >&5
riscv64-unknown-elf-g++ (GCC) 7.2.0
Copyright (C) 2017 Free Software Foundation, Inc.
This is free software; see the source for copying conditions.  There is NO
warranty; not even for MERCHANTABILITY or FITNESS FOR A PARTICULAR PURPOSE.

configure:2964: $? = 0
configure:2953: riscv64-unknown-elf-g++ -v >&5
Using built-in specs.
COLLECT_GCC=riscv64-unknown-elf-g++
COLLECT_LTO_WRAPPER=/home/noureddine-as/PFE_2018/riscv/libexec/gcc/riscv64-unknown-elf/7.2.0/lto-wrapper
Target: riscv64-unknown-elf
Configured with: /home/noureddine-as/PFE_2018/rocket-chip/riscv-tools/riscv-gnu-toolchain/build/../riscv-gcc/configure --target=riscv64-unknown-elf --prefix=/home/noureddine-as/PFE_2018/riscv --disable-shared --disable-threads --enable-languages=c,c++ --with-system-zlib --enable-tls --with-newlib --with-sysroot=/home/noureddine-as/PFE_2018/riscv/riscv64-unknown-elf --with-native-system-header-dir=/include --disable-libmudflap --disable-libssp --disable-libquadmath --disable-libgomp --disable-nls --src=../../riscv-gcc --enable-checking=yes --disable-multilib --with-abi=lp64d --with-arch=rv64imafdc 'CFLAGS_FOR_TARGET=-Os  -mcmodel=medlow'
Thread model: single
gcc version 7.2.0 (GCC) 
configure:2964: $? = 0
configure:2953: riscv64-unknown-elf-g++ -V >&5
riscv64-unknown-elf-g++: error: unrecognized command line option '-V'
riscv64-unknown-elf-g++: fatal error: no input files
compilation terminated.
configure:2964: $? = 1
configure:2953: riscv64-unknown-elf-g++ -qversion >&5
riscv64-unknown-elf-g++: error: unrecognized command line option '-qversion'; did you mean '--version'?
riscv64-unknown-elf-g++: fatal error: no input files
compilation terminated.
configure:2964: $? = 1
configure:2968: checking whether we are using the GNU C++ compiler
configure:2987: riscv64-unknown-elf-g++ -c   conftest.cpp >&5
configure:2987: $? = 0
configure:2996: result: yes
configure:3005: checking whether riscv64-unknown-elf-g++ accepts -g
configure:3025: riscv64-unknown-elf-g++ -c -g  conftest.cpp >&5
configure:3025: $? = 0
configure:3066: result: yes
configure:3092: checking for riscv64-unknown-elf-ar
configure:3108: found /home/noureddine-as/PFE_2018/riscv/bin/riscv64-unknown-elf-ar
configure:3119: result: riscv64-unknown-elf-ar
configure:3184: checking for riscv64-unknown-elf-ranlib
configure:3200: found /home/noureddine-as/PFE_2018/riscv/bin/riscv64-unknown-elf-ranlib
configure:3211: result: riscv64-unknown-elf-ranlib
configure:3276: checking for riscv64-unknown-elf-readelf
configure:3292: found /home/noureddine-as/PFE_2018/riscv/bin/riscv64-unknown-elf-readelf
configure:3303: result: riscv64-unknown-elf-readelf
configure:3368: checking for riscv64-unknown-elf-objcopy
configure:3384: found /home/noureddine-as/PFE_2018/riscv/bin/riscv64-unknown-elf-objcopy
configure:3395: result: riscv64-unknown-elf-objcopy
configure:3479: checking for a BSD-compatible install
configure:3547: result: /usr/bin/install -c
configure:3688: checking how to run the C preprocessor
configure:3719: riscv64-unknown-elf-gcc -E  conftest.c
configure:3719: $? = 0
configure:3733: riscv64-unknown-elf-gcc -E  conftest.c
conftest.c:9:10: fatal error: ac_nonexistent.h: No such file or directory
 #include <ac_nonexistent.h>
          ^~~~~~~~~~~~~~~~~~
compilation terminated.
configure:3733: $? = 1
configure: failed program was:
| /* confdefs.h */
| #define PACKAGE_NAME "RISC-V Proxy Kernel"
| #define PACKAGE_TARNAME "riscv-pk"
| #define PACKAGE_VERSION "?"
| #define PACKAGE_STRING "RISC-V Proxy Kernel ?"
| #define PACKAGE_BUGREPORT "Andrew Waterman"
| #define PACKAGE_URL ""
| /* end confdefs.h.  */
| #include <ac_nonexistent.h>
configure:3758: result: riscv64-unknown-elf-gcc -E
configure:3778: riscv64-unknown-elf-gcc -E  conftest.c
configure:3778: $? = 0
configure:3792: riscv64-unknown-elf-gcc -E  conftest.c
conftest.c:9:10: fatal error: ac_nonexistent.h: No such file or directory
 #include <ac_nonexistent.h>
          ^~~~~~~~~~~~~~~~~~
compilation terminated.
configure:3792: $? = 1
configure: failed program was:
| /* confdefs.h */
| #define PACKAGE_NAME "RISC-V Proxy Kernel"
| #define PACKAGE_TARNAME "riscv-pk"
| #define PACKAGE_VERSION "?"
| #define PACKAGE_STRING "RISC-V Proxy Kernel ?"
| #define PACKAGE_BUGREPORT "Andrew Waterman"
| #define PACKAGE_URL ""
| /* end confdefs.h.  */
| #include <ac_nonexistent.h>
configure:3821: checking for grep that handles long lines and -e
configure:3879: result: /bin/grep
configure:3884: checking for egrep
configure:3946: result: /bin/grep -E
configure:3951: checking for ANSI C header files
configure:3971: riscv64-unknown-elf-gcc -c -g -O2  conftest.c >&5
configure:3971: $? = 0
configure:4055: result: yes
configure:4171: configuring default subproject : pk
configure:4228: configuring default subproject : bbl
configure:4307: configuring default subproject : softfloat
configure:4352: configuring default subproject : dummy_payload
configure:4397: configuring default subproject : ncore_payload
configure:4442: configuring default subproject : machine
configure:4499: configuring default subproject : util
configure:4653: creating ./config.status

## ---------------------- ##
## Running config.status. ##
## ---------------------- ##

This file was extended by RISC-V Proxy Kernel config.status ?, which was
generated by GNU Autoconf 2.69.  Invocation command line was

  CONFIG_FILES    = 
  CONFIG_HEADERS  = 
  CONFIG_LINKS    = 
  CONFIG_COMMANDS = 
  $ ./config.status 

on as

config.status:835: creating pk.mk
config.status:835: creating bbl.mk
config.status:835: creating softfloat.mk
config.status:835: creating dummy_payload.mk
config.status:835: creating ncore_payload.mk
config.status:835: creating machine.mk
config.status:835: creating util.mk
config.status:835: creating Makefile
config.status:835: creating config.h

## ---------------- ##
## Cache variables. ##
## ---------------- ##

ac_cv_build=x86_64-pc-linux-gnu
ac_cv_c_compiler_gnu=yes
ac_cv_cxx_compiler_gnu=yes
ac_cv_env_CCC_set=
ac_cv_env_CCC_value=
ac_cv_env_CC_set=
ac_cv_env_CC_value=
ac_cv_env_CFLAGS_set=
ac_cv_env_CFLAGS_value=
ac_cv_env_CPPFLAGS_set=
ac_cv_env_CPPFLAGS_value=
ac_cv_env_CPP_set=
ac_cv_env_CPP_value=
ac_cv_env_CXXFLAGS_set=
ac_cv_env_CXXFLAGS_value=
ac_cv_env_CXX_set=
ac_cv_env_CXX_value=
ac_cv_env_LDFLAGS_set=
ac_cv_env_LDFLAGS_value=
ac_cv_env_LIBS_set=
ac_cv_env_LIBS_value=
ac_cv_env_RISCV_set=set
ac_cv_env_RISCV_value=/home/noureddine-as/PFE_2018/riscv
ac_cv_env_STOW_PREFIX_set=
ac_cv_env_STOW_PREFIX_value=
ac_cv_env_STOW_ROOT_set=
ac_cv_env_STOW_ROOT_value=
ac_cv_env_build_alias_set=
ac_cv_env_build_alias_value=
ac_cv_env_host_alias_set=set
ac_cv_env_host_alias_value=riscv64-unknown-elf
ac_cv_env_target_alias_set=
ac_cv_env_target_alias_value=
ac_cv_header_stdc=yes
ac_cv_host=riscv64-unknown-elf
ac_cv_objext=o
ac_cv_path_EGREP='/bin/grep -E'
ac_cv_path_GREP=/bin/grep
ac_cv_path_install='/usr/bin/install -c'
ac_cv_prog_AR=riscv64-unknown-elf-ar
ac_cv_prog_CC=riscv64-unknown-elf-gcc
ac_cv_prog_CPP='riscv64-unknown-elf-gcc -E'
ac_cv_prog_CXX=riscv64-unknown-elf-g++
ac_cv_prog_OBJCOPY=riscv64-unknown-elf-objcopy
ac_cv_prog_RANLIB=riscv64-unknown-elf-ranlib
ac_cv_prog_READELF=riscv64-unknown-elf-readelf
ac_cv_prog_cc_c89=
ac_cv_prog_cc_g=yes
ac_cv_prog_cxx_g=yes

## ----------------- ##
## Output variables. ##
## ----------------- ##

AR='riscv64-unknown-elf-ar'
BBL_LOGO_FILE='riscv_logo.txt'
BBL_PAYLOAD='ncore_payload'
CC='riscv64-unknown-elf-gcc'
CFLAGS='-Wall -Werror -D__NO_INLINE__ -mcmodel=medany -O2 -std=gnu99 -Wno-unused -Wno-attributes -fno-delete-null-pointer-checks -fno-PIE'
CPP='riscv64-unknown-elf-gcc -E'
CPPFLAGS=''
CXX='riscv64-unknown-elf-g++'
CXXFLAGS='-g -O2'
DEFS='-DHAVE_CONFIG_H'
ECHO_C=''
ECHO_N='-n'
ECHO_T=''
EGREP='/bin/grep -E'
EXEEXT=''
GREP='/bin/grep'
INSTALL_DATA='${INSTALL} -m 644'
INSTALL_PROGRAM='${INSTALL}'
INSTALL_SCRIPT='${INSTALL}'
LDFLAGS=' -Wl,--build-id=none'
LIBOBJS=''
LIBS='-lgcc'
LTLIBOBJS=''
OBJCOPY='riscv64-unknown-elf-objcopy'
OBJEXT='o'
PACKAGE_BUGREPORT='Andrew Waterman'
PACKAGE_NAME='RISC-V Proxy Kernel'
PACKAGE_STRING='RISC-V Proxy Kernel ?'
PACKAGE_TARNAME='riscv-pk'
PACKAGE_URL=''
PACKAGE_VERSION='?'
PATH_SEPARATOR=':'
RANLIB='riscv64-unknown-elf-ranlib'
READELF='riscv64-unknown-elf-readelf'
RISCV='/home/noureddine-as/PFE_2018/riscv'
SHELL='/bin/bash'
STOW_PREFIX=''
STOW_ROOT=''
ac_ct_CC=''
ac_ct_CXX=''
bindir='${exec_prefix}/bin'
build='x86_64-pc-linux-gnu'
build_alias=''
build_cpu='x86_64'
build_os='linux-gnu'
build_vendor='pc'
datadir='${datarootdir}'
datarootdir='${prefix}/share'
docdir='${datarootdir}/doc/${PACKAGE_TARNAME}'
dvidir='${docdir}'
enable_stow='no'
exec_prefix='${prefix}'
host='riscv64-unknown-elf'
host_alias='riscv64-unknown-elf'
host_cpu='riscv64'
host_os='elf'
host_vendor='unknown'
htmldir='${docdir}'
includedir='${prefix}/include'
infodir='${datarootdir}/info'
install_subdir='riscv64-unknown-elf'
libdir='${exec_prefix}/lib'
libexecdir='${exec_prefix}/libexec'
localedir='${datarootdir}/locale'
localstatedir='${prefix}/var'
mandir='${datarootdir}/man'
oldincludedir='/usr/include'
pdfdir='${docdir}'
prefix='/home/noureddine-as/PFE_2018/riscv/riscv64-unknown-elf'
program_transform_name='s,x,x,'
psdir='${docdir}'
runstatedir='${localstatedir}/run'
sbindir='${exec_prefix}/sbin'
sharedstatedir='${prefix}/com'
stow=''
subprojects=' pk bbl softfloat dummy_payload ncore_payload machine util'
subprojects_enabled=' pk bbl softfloat dummy_payload ncore_payload machine util'
sysconfdir='${prefix}/etc'
target_alias=''

## ----------- ##
## confdefs.h. ##
## ----------- ##

/* confdefs.h */
#define PACKAGE_NAME "RISC-V Proxy Kernel"
#define PACKAGE_TARNAME "riscv-pk"
#define PACKAGE_VERSION "?"
#define PACKAGE_STRING "RISC-V Proxy Kernel ?"
#define PACKAGE_BUGREPORT "Andrew Waterman"
#define PACKAGE_URL ""
#define STDC_HEADERS 1
#define PK_ENABLED /**/
#define PK_ENABLE_VM /**/
#define BBL_ENABLED /**/
#define PK_ENABLE_LOGO /**/
#define SOFTFLOAT_ENABLED /**/
#define DUMMY_PAYLOAD_ENABLED /**/
#define NCORE_PAYLOAD_ENABLED /**/
#define MACHINE_ENABLED /**/
#define PK_ENABLE_FP_EMULATION /**/
#define UTIL_ENABLED /**/

configure: exit 0

## ---------------------- ##
## Running config.status. ##
## ---------------------- ##

This file was extended by RISC-V Proxy Kernel config.status ?, which was
generated by GNU Autoconf 2.69.  Invocation command line was

  CONFIG_FILES    = 
  CONFIG_HEADERS  = 
  CONFIG_LINKS    = 
  CONFIG_COMMANDS = 
  $ ./config.status 

on as

config.status:835: creating pk.mk
config.status:835: creating bbl.mk
config.status:835: creating softfloat.mk
config.status:835: creating dummy_payload.mk
config.status:835: creating ncore_payload.mk
config.status:835: creating machine.mk
config.status:835: creating util.mk
config.status:835: creating Makefile
config.status:835: creating config.h
config.status:995: config.h is unchanged
